2025-03-11 16:11:16 [main] INFO  com.willdev.Main - Iniciando la aplicacion
2025-03-11 16:11:16 [main] INFO  com.willdev.Main - Ingreso al menu
2025-03-11 16:11:19 [main] DEBUG com.willdev.Main - Registrar Libro
2025-03-11 16:11:21 [main] INFO  com.willdev.Main - El id del libro es: 1
2025-03-11 16:11:21 [main] INFO  com.willdev.Main - El titulo del libro es: q
2025-03-11 16:11:22 [main] INFO  com.willdev.Main - El autor del libro es: q
2025-03-11 16:11:22 [main] INFO  com.willdev.Main - Registrando el libro
2025-03-11 16:11:24 [main] DEBUG com.willdev.Main - Salio del Menu
2025-03-11 16:11:24 [main] INFO  com.willdev.Main - Finalizando la aplicacion
2025-03-17 16:39:41 [main] INFO  com.willdev.Main - Iniciando la aplicacion
2025-03-17 16:39:41 [main] INFO  com.willdev.Main - Ingreso al menu de la libreria
2025-03-17 16:39:55 [main] DEBUG com.willdev.Main - Menu Usuarios
2025-03-17 16:39:55 [main] INFO  com.willdev.Main - Ingreso al menu de usuarios
2025-03-17 16:40:15 [main] DEBUG com.willdev.Main - Registrar Usuario
2025-03-17 16:40:17 [main] INFO  com.willdev.Main - El id del usuario es: 1
2025-03-17 16:40:19 [main] INFO  com.willdev.Main - El nombre del usuario es: Will
2025-03-17 16:40:21 [main] INFO  com.willdev.Main - El email del usuario es: Will
2025-03-17 16:40:21 [main] INFO  com.willdev.Main - Registrando el usuario
2025-03-17 16:40:30 [main] DEBUG com.willdev.Main - Consultar Usuario
2025-03-17 16:40:31 [main] INFO  com.willdev.Main - El id del usuario es: 1
2025-03-17 16:40:31 [main] INFO  com.willdev.Main - Buscando el usuario
2025-03-17 16:40:31 [main] INFO  com.willdev.Main - Usuario encontrado: id Usuario es: 1
Nombre: Will
Email: Will
2025-03-17 16:40:42 [main] DEBUG com.willdev.Main - Actualizar Correo de Usuario
2025-03-17 16:40:43 [main] INFO  com.willdev.Main - El id del usuario es: 1
2025-03-17 16:43:55 [main] INFO  com.willdev.Main - El nombre del usuario es: 0
2025-03-17 16:43:56 [main] INFO  com.willdev.Main - El email del usuario es: 0
2025-03-17 16:43:56 [main] ERROR com.willdev.Main - El Usuario con el id 1 ya existe
2025-03-17 16:44:13 [main] INFO  com.willdev.Main - Iniciando la aplicacion
2025-03-17 16:44:13 [main] INFO  com.willdev.Main - Ingreso al menu de la libreria
2025-03-17 16:44:15 [main] DEBUG com.willdev.Main - Menu Usuarios
2025-03-17 16:44:15 [main] INFO  com.willdev.Main - Ingreso al menu de usuarios
2025-03-17 16:44:16 [main] DEBUG com.willdev.Main - Registrar Usuario
2025-03-17 16:44:18 [main] INFO  com.willdev.Main - El id del usuario es: 1
2025-03-17 16:44:20 [main] INFO  com.willdev.Main - El nombre del usuario es: Will
2025-03-17 16:44:22 [main] INFO  com.willdev.Main - El email del usuario es: Will
2025-03-17 16:44:22 [main] INFO  com.willdev.Main - Registrando el usuario
2025-03-17 16:44:25 [main] DEBUG com.willdev.Main - Actualizar Correo de Usuario
2025-03-17 16:44:27 [main] INFO  com.willdev.Main - El id del usuario es: 1
2025-03-17 16:44:30 [main] INFO  com.willdev.Main - El correo del usuario es: Will@
2025-03-17 16:44:30 [main] INFO  com.willdev.Main - Actualizando el correo del usuario
2025-03-17 16:44:32 [main] DEBUG com.willdev.Main - Consultar Usuario
2025-03-17 16:44:33 [main] INFO  com.willdev.Main - El id del usuario es: 1
2025-03-17 16:44:33 [main] INFO  com.willdev.Main - Buscando el usuario
2025-03-17 16:44:33 [main] INFO  com.willdev.Main - Usuario encontrado: id Usuario es: 1
Nombre: Will
Email: Will@
2025-03-17 16:44:37 [main] DEBUG com.willdev.Main - Salio del Menu de usuarios
2025-03-17 16:44:39 [main] DEBUG com.willdev.Main - Menu Libros
2025-03-17 16:44:39 [main] INFO  com.willdev.Main - Ingreso al menu de libros
2025-03-17 16:44:40 [main] DEBUG com.willdev.Main - Registrar Libro
2025-03-17 16:44:41 [main] INFO  com.willdev.Main - El id del libro es: 1
2025-03-17 16:44:45 [main] INFO  com.willdev.Main - El titulo del libro es: WillYYo
2025-03-17 16:44:48 [main] INFO  com.willdev.Main - El autor del libro es: Will
2025-03-17 16:44:48 [main] INFO  com.willdev.Main - Registrando el libro
2025-03-17 16:44:50 [main] DEBUG com.willdev.Main - Consultar Libro
2025-03-17 16:44:51 [main] INFO  com.willdev.Main - El id del libro es: 1
2025-03-17 16:44:51 [main] INFO  com.willdev.Main - Buscando el libro
2025-03-17 16:44:51 [main] INFO  com.willdev.Main - Libro encontrado: id Libro es: 1
Titulo: WillYYo
Autor: Will
2025-03-17 16:44:57 [main] DEBUG com.willdev.Main - Salio del Menu Libros
2025-03-17 16:45:02 [main] DEBUG com.willdev.Main - Menu Prestamos
2025-03-17 16:45:02 [main] INFO  com.willdev.Main - Ingreso al menu de prestamos
2025-03-17 16:45:05 [main] DEBUG com.willdev.Main - Realizar un prestamo
2025-03-17 16:45:06 [main] INFO  com.willdev.Main - El id del usuario es: 1
2025-03-17 16:45:07 [main] INFO  com.willdev.Main - El id del libro es: 1
2025-03-17 16:45:07 [main] INFO  com.willdev.Main - Registrando el prestamo
2025-03-17 16:45:07 [main] INFO  com.willdev.Main - Prestamo registrado con exito idUser 1, idBook 1
2025-03-17 16:45:12 [main] DEBUG com.willdev.Main - Consultar un Prestamo por usuario
2025-03-17 16:45:13 [main] INFO  com.willdev.Main - El id del usuario es: 1
2025-03-17 16:45:13 [main] INFO  com.willdev.Main - Prestamo encontrado: Préstamo realizado el: 2025-03-17 16:45:07
Usuario: Will (ID: 1)
Libro: WillYYo (ID: 1) Autor: Will
2025-03-17 16:45:17 [main] DEBUG com.willdev.Main - Consultar un Prestamo por Libro
2025-03-17 16:45:18 [main] INFO  com.willdev.Main - El id del libro es: 1
2025-03-17 16:45:18 [main] INFO  com.willdev.Main - Prestamo encontrado: Préstamo realizado el: 2025-03-17 16:45:07
Usuario: Will (ID: 1)
Libro: WillYYo (ID: 1) Autor: Will
2025-03-17 16:45:27 [main] DEBUG com.willdev.Main - Regresar un prestamo
2025-03-17 16:45:29 [main] INFO  com.willdev.Main - El id del usuario es: 1
2025-03-17 16:45:29 [main] INFO  com.willdev.Main - El id del libro es: 1
2025-03-17 16:45:29 [main] INFO  com.willdev.Main - Regreso registrado con exito idUser 1, idBook 1
2025-03-17 16:45:32 [main] DEBUG com.willdev.Main - Consultar un Prestamo por Libro
2025-03-17 16:45:33 [main] INFO  com.willdev.Main - El id del libro es: 1
2025-03-17 16:45:33 [main] ERROR com.willdev.Main - El libro no tiene prestamos
2025-03-17 16:45:37 [main] DEBUG com.willdev.Main - Salio del Menu
2025-03-17 16:45:37 [main] INFO  com.willdev.Main - Finalizando la aplicacion
2025-04-08 14:32:52 [main] INFO  com.willdev.Main - Iniciando la aplicacion
2025-04-08 14:32:52 [main] INFO  com.willdev.Main - Ingreso al menu de la libreria
2025-04-08 14:36:57 [main] INFO  com.willdev.Main - Iniciando la aplicacion
2025-04-08 14:36:57 [main] INFO  com.willdev.Main - Ingreso al menu de la libreria
2025-04-08 14:37:42 [main] DEBUG com.willdev.Main - Menu Usuarios
2025-04-08 14:37:42 [main] INFO  com.willdev.Main - Ingreso al menu de usuarios
2025-04-08 14:37:46 [main] DEBUG com.willdev.Main - Registrar Usuario
2025-04-08 14:37:53 [main] INFO  com.willdev.Main - El id del usuario es: 1
2025-04-08 14:37:56 [main] INFO  com.willdev.Main - El nombre del usuario es: William
2025-04-08 14:38:04 [main] INFO  com.willdev.Main - El email del usuario es: Wi@gmail.com
2025-04-08 14:38:04 [main] INFO  com.willdev.Main - Registrando el usuario
2025-04-08 14:38:12 [main] DEBUG com.willdev.Main - Salio del Menu de usuarios
2025-04-08 14:38:14 [main] DEBUG com.willdev.Main - Menu Libros
2025-04-08 14:38:14 [main] INFO  com.willdev.Main - Ingreso al menu de libros
2025-04-08 14:38:16 [main] DEBUG com.willdev.Main - Registrar Libro
2025-04-08 14:38:18 [main] INFO  com.willdev.Main - El id del libro es: 1
2025-04-08 14:38:21 [main] INFO  com.willdev.Main - El titulo del libro es: Java
2025-04-08 14:38:29 [main] INFO  com.willdev.Main - El autor del libro es: Ora
2025-04-08 14:38:29 [main] INFO  com.willdev.Main - Registrando el libro
2025-04-08 14:38:38 [main] DEBUG com.willdev.Main - Salio del Menu Libros
2025-04-08 14:38:41 [main] DEBUG com.willdev.Main - Menu Prestamos
2025-04-08 14:38:41 [main] INFO  com.willdev.Main - Ingreso al menu de prestamos
2025-04-08 14:38:43 [main] DEBUG com.willdev.Main - Realizar un prestamo
2025-04-08 14:38:45 [main] INFO  com.willdev.Main - El id del usuario es: 1
2025-04-08 14:38:47 [main] INFO  com.willdev.Main - El id del libro es: 1
2025-04-08 14:38:47 [main] INFO  com.willdev.Main - Registrando el prestamo
2025-04-08 14:38:47 [main] INFO  com.willdev.Main - Prestamo registrado con exito idUser 1, idBook 1
2025-04-08 14:38:51 [main] DEBUG com.willdev.Main - Consultar un Prestamo por usuario
2025-04-08 14:38:53 [main] INFO  com.willdev.Main - El id del usuario es: 1
2025-04-08 14:38:53 [main] INFO  com.willdev.Main - Prestamo encontrado: Préstamo realizado el: 2025-04-08 14:38:47
Usuario: William (ID: 1)
Libro: Java (ID: 1) Autor: Ora
2025-04-08 14:39:06 [main] DEBUG com.willdev.Main - Consultar un Prestamo por Libro
2025-04-08 14:39:12 [main] INFO  com.willdev.Main - El id del libro es: 1
2025-04-08 14:39:12 [main] INFO  com.willdev.Main - Prestamo encontrado: Préstamo realizado el: 2025-04-08 14:38:47
Usuario: William (ID: 1)
Libro: Java (ID: 1) Autor: Ora
